[2024-12-27 11:08:05,511: INFO: common: yaml file: config\config.yaml loaded successfully]
[2024-12-27 11:08:05,514: INFO: common: yaml file: params.yaml loaded successfully]
[2024-12-27 11:08:05,516: INFO: common: created directory at : artifacts]
[2024-12-27 11:08:05,517: INFO: common: created directory at : artifacts\prepare_callbacks\checkpoint_dir]
[2024-12-27 11:08:05,519: INFO: common: created directory at : artifacts\prepare_callbacks\tensorboard_log_dir]
[2024-12-27 11:08:05,520: INFO: common: created directory at : artifacts\training]
[2024-12-27 11:08:05,794: WARNING: saving_utils: Compiled the loaded model, but the compiled metrics have yet to be built. `model.compile_metrics` will be empty until you train or evaluate the model.]
[2024-12-27 11:10:08,176: WARNING: deprecation: From C:\Users\dpsvn\AppData\Local\Temp\ipykernel_25796\1931005263.py:7: experimental_run_functions_eagerly (from tensorflow.python.eager.polymorphic_function.eager_function_run) is deprecated and will be removed in a future version.
Instructions for updating:
Use `tf.config.run_functions_eagerly` instead of the experimental version.]
[2024-12-27 11:12:05,761: INFO: common: yaml file: config\config.yaml loaded successfully]
[2024-12-27 11:12:05,763: INFO: common: yaml file: params.yaml loaded successfully]
[2024-12-27 11:12:05,764: INFO: common: created directory at : artifacts]
[2024-12-27 11:12:05,767: INFO: common: created directory at : artifacts\prepare_callbacks\checkpoint_dir]
[2024-12-27 11:12:05,768: INFO: common: created directory at : artifacts\prepare_callbacks\tensorboard_log_dir]
[2024-12-27 11:12:05,772: INFO: common: created directory at : artifacts\training]
[2024-12-27 11:12:05,937: WARNING: saving_utils: Compiled the loaded model, but the compiled metrics have yet to be built. `model.compile_metrics` will be empty until you train or evaluate the model.]
[2024-12-27 11:12:54,725: INFO: common: yaml file: config\config.yaml loaded successfully]
[2024-12-27 11:12:54,728: INFO: common: yaml file: params.yaml loaded successfully]
[2024-12-27 11:12:54,730: INFO: common: created directory at : artifacts]
[2024-12-27 11:12:54,731: INFO: common: created directory at : artifacts\prepare_callbacks\checkpoint_dir]
[2024-12-27 11:12:54,733: INFO: common: created directory at : artifacts\prepare_callbacks\tensorboard_log_dir]
[2024-12-27 11:12:54,735: INFO: common: created directory at : artifacts\training]
[2024-12-27 11:12:54,959: WARNING: saving_utils: Compiled the loaded model, but the compiled metrics have yet to be built. `model.compile_metrics` will be empty until you train or evaluate the model.]
[2024-12-27 11:39:51,799: INFO: common: yaml file: config\config.yaml loaded successfully]
[2024-12-27 11:39:51,802: INFO: common: yaml file: params.yaml loaded successfully]
[2024-12-27 11:39:51,804: INFO: common: created directory at : artifacts]
[2024-12-27 11:39:51,805: INFO: common: created directory at : artifacts\prepare_callbacks\checkpoint_dir]
[2024-12-27 11:39:51,806: INFO: common: created directory at : artifacts\prepare_callbacks\tensorboard_log_dir]
[2024-12-27 11:39:51,808: INFO: common: created directory at : artifacts\training]
[2024-12-27 11:39:51,977: WARNING: saving_utils: Compiled the loaded model, but the compiled metrics have yet to be built. `model.compile_metrics` will be empty until you train or evaluate the model.]
